# JRE version: Java(TM) SE Runtime Environment (8.0_271-b09) (build 1.8.0_271-b09)
# Java VM: Java HotSpot(TM) 64-Bit Server VM (25.271-b09 mixed mode windows-amd64 compressed oops)
Heap:
 PSYoungGen      total 112128K, used 64621K [0x00000000eb200000, 0x00000000f2680000, 0x0000000100000000)
  eden space 104960K, 61% used [0x00000000eb200000,0x00000000ef11b530,0x00000000f1880000)
  from space 7168K, 0% used [0x00000000f1f80000,0x00000000f1f80000,0x00000000f2680000)
  to   space 7168K, 0% used [0x00000000f1880000,0x00000000f1880000,0x00000000f1f80000)
 ParOldGen       total 32256K, used 8546K [0x00000000c1600000, 0x00000000c3580000, 0x00000000eb200000)
  object space 32256K, 26% used [0x00000000c1600000,0x00000000c1e589d8,0x00000000c3580000)
 Metaspace       used 23576K, capacity 24310K, committed 24448K, reserved 1071104K
  class space    used 2697K, capacity 2905K, committed 2944K, reserved 1048576K
GC Heap History (10 events):
Event: 4.090 GC heap before
{Heap before GC invocations=7 (full 0):
 PSYoungGen      total 37888K, used 36482K [0x00000000eb200000, 0x00000000edc00000, 0x0000000100000000)
  eden space 32768K, 100% used [0x00000000eb200000,0x00000000ed200000,0x00000000ed200000)
  from space 5120K, 72% used [0x00000000ed700000,0x00000000edaa0958,0x00000000edc00000)
  to   space 5120K, 0% used [0x00000000ed200000,0x00000000ed200000,0x00000000ed700000)
 ParOldGen       total 44032K, used 4227K [0x00000000c1600000, 0x00000000c4100000, 0x00000000eb200000)
  object space 44032K, 9% used [0x00000000c1600000,0x00000000c1a20e60,0x00000000c4100000)
 Metaspace       used 12450K, capacity 12674K, committed 13056K, reserved 1060864K
  class space    used 1347K, capacity 1469K, committed 1536K, reserved 1048576K
Event: 4.110 GC heap after
Heap after GC invocations=7 (full 0):
 PSYoungGen      total 37888K, used 5098K [0x00000000eb200000, 0x00000000eff00000, 0x0000000100000000)
  eden space 32768K, 0% used [0x00000000eb200000,0x00000000eb200000,0x00000000ed200000)
  from space 5120K, 99% used [0x00000000ed200000,0x00000000ed6fab50,0x00000000ed700000)
  to   space 6656K, 0% used [0x00000000ef880000,0x00000000ef880000,0x00000000eff00000)
 ParOldGen       total 44032K, used 6381K [0x00000000c1600000, 0x00000000c4100000, 0x00000000eb200000)
  object space 44032K, 14% used [0x00000000c1600000,0x00000000c1c3b528,0x00000000c4100000)
 Metaspace       used 12450K, capacity 12674K, committed 13056K, reserved 1060864K
  class space    used 1347K, capacity 1469K, committed 1536K, reserved 1048576K
}
Event: 4.434 GC heap before
{Heap before GC invocations=8 (full 0):
 PSYoungGen      total 37888K, used 37866K [0x00000000eb200000, 0x00000000eff00000, 0x0000000100000000)
  eden space 32768K, 100% used [0x00000000eb200000,0x00000000ed200000,0x00000000ed200000)
  from space 5120K, 99% used [0x00000000ed200000,0x00000000ed6fab50,0x00000000ed700000)
  to   space 6656K, 0% used [0x00000000ef880000,0x00000000ef880000,0x00000000eff00000)
 ParOldGen       total 44032K, used 6381K [0x00000000c1600000, 0x00000000c4100000, 0x00000000eb200000)
  object space 44032K, 14% used [0x00000000c1600000,0x00000000c1c3b528,0x00000000c4100000)
 Metaspace       used 14277K, capacity 14508K, committed 14720K, reserved 1062912K
  class space    used 1455K, capacity 1568K, committed 1664K, reserved 1048576K
Event: 4.449 GC heap after
Heap after GC invocations=8 (full 0):
 PSYoungGen      total 72192K, used 4770K [0x00000000eb200000, 0x00000000eff00000, 0x0000000100000000)
  eden space 65536K, 0% used [0x00000000eb200000,0x00000000eb200000,0x00000000ef200000)
  from space 6656K, 71% used [0x00000000ef880000,0x00000000efd28828,0x00000000eff00000)
  to   space 6656K, 0% used [0x00000000ef200000,0x00000000ef200000,0x00000000ef880000)
 ParOldGen       total 44032K, used 7541K [0x00000000c1600000, 0x00000000c4100000, 0x00000000eb200000)
  object space 44032K, 17% used [0x00000000c1600000,0x00000000c1d5d528,0x00000000c4100000)
 Metaspace       used 14277K, capacity 14508K, committed 14720K, reserved 1062912K
  class space    used 1455K, capacity 1568K, committed 1664K, reserved 1048576K
}
Event: 5.201 GC heap before
{Heap before GC invocations=9 (full 0):
 PSYoungGen      total 72192K, used 70306K [0x00000000eb200000, 0x00000000eff00000, 0x0000000100000000)
  eden space 65536K, 100% used [0x00000000eb200000,0x00000000ef200000,0x00000000ef200000)
  from space 6656K, 71% used [0x00000000ef880000,0x00000000efd28828,0x00000000eff00000)
  to   space 6656K, 0% used [0x00000000ef200000,0x00000000ef200000,0x00000000ef880000)
 ParOldGen       total 44032K, used 7541K [0x00000000c1600000, 0x00000000c4100000, 0x00000000eb200000)
  object space 44032K, 17% used [0x00000000c1600000,0x00000000c1d5d528,0x00000000c4100000)
 Metaspace       used 17995K, capacity 18246K, committed 18432K, reserved 1064960K
  class space    used 1906K, capacity 2021K, committed 2048K, reserved 1048576K
Event: 5.217 GC heap after
Heap after GC invocations=9 (full 0):
 PSYoungGen      total 72192K, used 5589K [0x00000000eb200000, 0x00000000f2680000, 0x0000000100000000)
  eden space 65536K, 0% used [0x00000000eb200000,0x00000000eb200000,0x00000000ef200000)
  from space 6656K, 83% used [0x00000000ef200000,0x00000000ef775568,0x00000000ef880000)
  to   space 7168K, 0% used [0x00000000f1f80000,0x00000000f1f80000,0x00000000f2680000)
 ParOldGen       total 44032K, used 8817K [0x00000000c1600000, 0x00000000c4100000, 0x00000000eb200000)
  object space 44032K, 20% used [0x00000000c1600000,0x00000000c1e9c5b8,0x00000000c4100000)
 Metaspace       used 17995K, capacity 18246K, committed 18432K, reserved 1064960K
  class space    used 1906K, capacity 2021K, committed 2048K, reserved 1048576K
}
Event: 7.536 GC heap before
{Heap before GC invocations=10 (full 0):
 PSYoungGen      total 72192K, used 42850K [0x00000000eb200000, 0x00000000f2680000, 0x0000000100000000)
  eden space 65536K, 56% used [0x00000000eb200000,0x00000000ed663440,0x00000000ef200000)
  from space 6656K, 83% used [0x00000000ef200000,0x00000000ef775568,0x00000000ef880000)
  to   space 7168K, 0% used [0x00000000f1f80000,0x00000000f1f80000,0x00000000f2680000)
 ParOldGen       total 44032K, used 8817K [0x00000000c1600000, 0x00000000c4100000, 0x00000000eb200000)
  object space 44032K, 20% used [0x00000000c1600000,0x00000000c1e9c5b8,0x00000000c4100000)
 Metaspace       used 20540K, capacity 21200K, committed 21296K, reserved 1069056K
  class space    used 2301K, capacity 2492K, committed 2560K, reserved 1048576K
Event: 7.544 GC heap after
Heap after GC invocations=10 (full 0):
 PSYoungGen      total 112128K, used 2739K [0x00000000eb200000, 0x00000000f2680000, 0x0000000100000000)
  eden space 104960K, 0% used [0x00000000eb200000,0x00000000eb200000,0x00000000f1880000)
  from space 7168K, 38% used [0x00000000f1f80000,0x00000000f222cc20,0x00000000f2680000)
  to   space 7168K, 0% used [0x00000000f1880000,0x00000000f1880000,0x00000000f1f80000)
 ParOldGen       total 44032K, used 11234K [0x00000000c1600000, 0x00000000c4100000, 0x00000000eb200000)
  object space 44032K, 25% used [0x00000000c1600000,0x00000000c20f8888,0x00000000c4100000)
 Metaspace       used 20540K, capacity 21200K, committed 21296K, reserved 1069056K
  class space    used 2301K, capacity 2492K, committed 2560K, reserved 1048576K
}
Event: 7.544 GC heap before
{Heap before GC invocations=11 (full 1):
 PSYoungGen      total 112128K, used 2739K [0x00000000eb200000, 0x00000000f2680000, 0x0000000100000000)
  eden space 104960K, 0% used [0x00000000eb200000,0x00000000eb200000,0x00000000f1880000)
  from space 7168K, 38% used [0x00000000f1f80000,0x00000000f222cc20,0x00000000f2680000)
  to   space 7168K, 0% used [0x00000000f1880000,0x00000000f1880000,0x00000000f1f80000)
 ParOldGen       total 44032K, used 11234K [0x00000000c1600000, 0x00000000c4100000, 0x00000000eb200000)
  object space 44032K, 25% used [0x00000000c1600000,0x00000000c20f8888,0x00000000c4100000)
 Metaspace       used 20540K, capacity 21200K, committed 21296K, reserved 1069056K
  class space    used 2301K, capacity 2492K, committed 2560K, reserved 1048576K
Event: 7.605 GC heap after
Heap after GC invocations=11 (full 1):
 PSYoungGen      total 112128K, used 0K [0x00000000eb200000, 0x00000000f2680000, 0x0000000100000000)
  eden space 104960K, 0% used [0x00000000eb200000,0x00000000eb200000,0x00000000f1880000)
  from space 7168K, 0% used [0x00000000f1f80000,0x00000000f1f80000,0x00000000f2680000)
  to   space 7168K, 0% used [0x00000000f1880000,0x00000000f1880000,0x00000000f1f80000)
 ParOldGen       total 32256K, used 8546K [0x00000000c1600000, 0x00000000c3580000, 0x00000000eb200000)
  object space 32256K, 26% used [0x00000000c1600000,0x00000000c1e589d8,0x00000000c3580000)
 Metaspace       used 20540K, capacity 21200K, committed 21296K, reserved 1069056K
  class space    used 2301K, capacity 2492K, committed 2560K, reserved 1048576K
}

