# JRE version: Java(TM) SE Runtime Environment (8.0_271-b09) (build 1.8.0_271-b09)
# Java VM: Java HotSpot(TM) 64-Bit Server VM (25.271-b09 mixed mode windows-amd64 compressed oops)
Heap:
 PSYoungGen      total 71680K, used 19854K [0x00000000eb200000, 0x00000000f2580000, 0x0000000100000000)
  eden space 65536K, 22% used [0x00000000eb200000,0x00000000ec062750,0x00000000ef200000)
  from space 6144K, 83% used [0x00000000ef200000,0x00000000ef7013c0,0x00000000ef800000)
  to   space 6656K, 0% used [0x00000000f1f00000,0x00000000f1f00000,0x00000000f2580000)
 ParOldGen       total 44032K, used 9338K [0x00000000c1600000, 0x00000000c4100000, 0x00000000eb200000)
  object space 44032K, 21% used [0x00000000c1600000,0x00000000c1f1eba8,0x00000000c4100000)
 Metaspace       used 18749K, capacity 19074K, committed 19328K, reserved 1067008K
  class space    used 1995K, capacity 2123K, committed 2176K, reserved 1048576K
GC Heap History (10 events):
Event: 3.579 GC heap before
{Heap before GC invocations=5 (full 0):
 PSYoungGen      total 18944K, used 18930K [0x00000000eb200000, 0x00000000ec700000, 0x0000000100000000)
  eden space 16384K, 100% used [0x00000000eb200000,0x00000000ec200000,0x00000000ec200000)
  from space 2560K, 99% used [0x00000000ec480000,0x00000000ec6fcaf8,0x00000000ec700000)
  to   space 2560K, 0% used [0x00000000ec200000,0x00000000ec200000,0x00000000ec480000)
 ParOldGen       total 44032K, used 2886K [0x00000000c1600000, 0x00000000c4100000, 0x00000000eb200000)
  object space 44032K, 6% used [0x00000000c1600000,0x00000000c18d19c8,0x00000000c4100000)
 Metaspace       used 10602K, capacity 10840K, committed 11008K, reserved 1058816K
  class space    used 1157K, capacity 1260K, committed 1280K, reserved 1048576K
Event: 3.588 GC heap after
Heap after GC invocations=5 (full 0):
 PSYoungGen      total 18944K, used 2552K [0x00000000eb200000, 0x00000000edb00000, 0x0000000100000000)
  eden space 16384K, 0% used [0x00000000eb200000,0x00000000eb200000,0x00000000ec200000)
  from space 2560K, 99% used [0x00000000ec200000,0x00000000ec47e110,0x00000000ec480000)
  to   space 4608K, 0% used [0x00000000ed680000,0x00000000ed680000,0x00000000edb00000)
 ParOldGen       total 44032K, used 4281K [0x00000000c1600000, 0x00000000c4100000, 0x00000000eb200000)
  object space 44032K, 9% used [0x00000000c1600000,0x00000000c1a2e5f0,0x00000000c4100000)
 Metaspace       used 10602K, capacity 10840K, committed 11008K, reserved 1058816K
  class space    used 1157K, capacity 1260K, committed 1280K, reserved 1048576K
}
Event: 3.865 GC heap before
{Heap before GC invocations=6 (full 0):
 PSYoungGen      total 18944K, used 18936K [0x00000000eb200000, 0x00000000edb00000, 0x0000000100000000)
  eden space 16384K, 100% used [0x00000000eb200000,0x00000000ec200000,0x00000000ec200000)
  from space 2560K, 99% used [0x00000000ec200000,0x00000000ec47e110,0x00000000ec480000)
  to   space 4608K, 0% used [0x00000000ed680000,0x00000000ed680000,0x00000000edb00000)
 ParOldGen       total 44032K, used 4281K [0x00000000c1600000, 0x00000000c4100000, 0x00000000eb200000)
  object space 44032K, 9% used [0x00000000c1600000,0x00000000c1a2e5f0,0x00000000c4100000)
 Metaspace       used 11788K, capacity 12020K, committed 12160K, reserved 1060864K
  class space    used 1295K, capacity 1400K, committed 1408K, reserved 1048576K
Event: 3.877 GC heap after
Heap after GC invocations=6 (full 0):
 PSYoungGen      total 37376K, used 3650K [0x00000000eb200000, 0x00000000edb00000, 0x0000000100000000)
  eden space 32768K, 0% used [0x00000000eb200000,0x00000000eb200000,0x00000000ed200000)
  from space 4608K, 79% used [0x00000000ed680000,0x00000000eda10958,0x00000000edb00000)
  to   space 4608K, 0% used [0x00000000ed200000,0x00000000ed200000,0x00000000ed680000)
 ParOldGen       total 44032K, used 4289K [0x00000000c1600000, 0x00000000c4100000, 0x00000000eb200000)
  object space 44032K, 9% used [0x00000000c1600000,0x00000000c1a305f0,0x00000000c4100000)
 Metaspace       used 11788K, capacity 12020K, committed 12160K, reserved 1060864K
  class space    used 1295K, capacity 1400K, committed 1408K, reserved 1048576K
}
Event: 4.202 GC heap before
{Heap before GC invocations=7 (full 0):
 PSYoungGen      total 37376K, used 36418K [0x00000000eb200000, 0x00000000edb00000, 0x0000000100000000)
  eden space 32768K, 100% used [0x00000000eb200000,0x00000000ed200000,0x00000000ed200000)
  from space 4608K, 79% used [0x00000000ed680000,0x00000000eda10958,0x00000000edb00000)
  to   space 4608K, 0% used [0x00000000ed200000,0x00000000ed200000,0x00000000ed680000)
 ParOldGen       total 44032K, used 4289K [0x00000000c1600000, 0x00000000c4100000, 0x00000000eb200000)
  object space 44032K, 9% used [0x00000000c1600000,0x00000000c1a305f0,0x00000000c4100000)
 Metaspace       used 12465K, capacity 12738K, committed 13056K, reserved 1060864K
  class space    used 1347K, capacity 1469K, committed 1536K, reserved 1048576K
Event: 4.217 GC heap after
Heap after GC invocations=7 (full 0):
 PSYoungGen      total 37376K, used 4586K [0x00000000eb200000, 0x00000000eff00000, 0x0000000100000000)
  eden space 32768K, 0% used [0x00000000eb200000,0x00000000eb200000,0x00000000ed200000)
  from space 4608K, 99% used [0x00000000ed200000,0x00000000ed67ab38,0x00000000ed680000)
  to   space 6656K, 0% used [0x00000000ef880000,0x00000000ef880000,0x00000000eff00000)
 ParOldGen       total 44032K, used 6900K [0x00000000c1600000, 0x00000000c4100000, 0x00000000eb200000)
  object space 44032K, 15% used [0x00000000c1600000,0x00000000c1cbd240,0x00000000c4100000)
 Metaspace       used 12465K, capacity 12738K, committed 13056K, reserved 1060864K
  class space    used 1347K, capacity 1469K, committed 1536K, reserved 1048576K
}
Event: 4.587 GC heap before
{Heap before GC invocations=8 (full 0):
 PSYoungGen      total 37376K, used 37354K [0x00000000eb200000, 0x00000000eff00000, 0x0000000100000000)
  eden space 32768K, 100% used [0x00000000eb200000,0x00000000ed200000,0x00000000ed200000)
  from space 4608K, 99% used [0x00000000ed200000,0x00000000ed67ab38,0x00000000ed680000)
  to   space 6656K, 0% used [0x00000000ef880000,0x00000000ef880000,0x00000000eff00000)
 ParOldGen       total 44032K, used 6900K [0x00000000c1600000, 0x00000000c4100000, 0x00000000eb200000)
  object space 44032K, 15% used [0x00000000c1600000,0x00000000c1cbd240,0x00000000c4100000)
 Metaspace       used 14233K, capacity 14444K, committed 14720K, reserved 1062912K
  class space    used 1449K, capacity 1568K, committed 1664K, reserved 1048576K
Event: 4.600 GC heap after
Heap after GC invocations=8 (full 0):
 PSYoungGen      total 71168K, used 4164K [0x00000000eb200000, 0x00000000efe00000, 0x0000000100000000)
  eden space 65536K, 0% used [0x00000000eb200000,0x00000000eb200000,0x00000000ef200000)
  from space 5632K, 73% used [0x00000000ef880000,0x00000000efc913f0,0x00000000efe00000)
  to   space 6144K, 0% used [0x00000000ef200000,0x00000000ef200000,0x00000000ef800000)
 ParOldGen       total 44032K, used 8132K [0x00000000c1600000, 0x00000000c4100000, 0x00000000eb200000)
  object space 44032K, 18% used [0x00000000c1600000,0x00000000c1df1240,0x00000000c4100000)
 Metaspace       used 14233K, capacity 14444K, committed 14720K, reserved 1062912K
  class space    used 1449K, capacity 1568K, committed 1664K, reserved 1048576K
}
Event: 5.332 GC heap before
{Heap before GC invocations=9 (full 0):
 PSYoungGen      total 71168K, used 69700K [0x00000000eb200000, 0x00000000efe00000, 0x0000000100000000)
  eden space 65536K, 100% used [0x00000000eb200000,0x00000000ef200000,0x00000000ef200000)
  from space 5632K, 73% used [0x00000000ef880000,0x00000000efc913f0,0x00000000efe00000)
  to   space 6144K, 0% used [0x00000000ef200000,0x00000000ef200000,0x00000000ef800000)
 ParOldGen       total 44032K, used 8132K [0x00000000c1600000, 0x00000000c4100000, 0x00000000eb200000)
  object space 44032K, 18% used [0x00000000c1600000,0x00000000c1df1240,0x00000000c4100000)
 Metaspace       used 17900K, capacity 18150K, committed 18432K, reserved 1064960K
  class space    used 1892K, capacity 1989K, committed 2048K, reserved 1048576K
Event: 5.342 GC heap after
Heap after GC invocations=9 (full 0):
 PSYoungGen      total 71680K, used 5124K [0x00000000eb200000, 0x00000000f2580000, 0x0000000100000000)
  eden space 65536K, 0% used [0x00000000eb200000,0x00000000eb200000,0x00000000ef200000)
  from space 6144K, 83% used [0x00000000ef200000,0x00000000ef7013c0,0x00000000ef800000)
  to   space 6656K, 0% used [0x00000000f1f00000,0x00000000f1f00000,0x00000000f2580000)
 ParOldGen       total 44032K, used 9338K [0x00000000c1600000, 0x00000000c4100000, 0x00000000eb200000)
  object space 44032K, 21% used [0x00000000c1600000,0x00000000c1f1eba8,0x00000000c4100000)
 Metaspace       used 17900K, capacity 18150K, committed 18432K, reserved 1064960K
  class space    used 1892K, capacity 1989K, committed 2048K, reserved 1048576K
}

