# JRE version: Java(TM) SE Runtime Environment (8.0_271-b09) (build 1.8.0_271-b09)
# Java VM: Java HotSpot(TM) 64-Bit Server VM (25.271-b09 mixed mode windows-amd64 compressed oops)
Heap:
 PSYoungGen      total 72192K, used 10093K [0x00000000eb200000, 0x00000000f2580000, 0x0000000100000000)
  eden space 65536K, 6% used [0x00000000eb200000,0x00000000eb676570,0x00000000ef200000)
  from space 6656K, 82% used [0x00000000ef200000,0x00000000ef764f60,0x00000000ef880000)
  to   space 6656K, 0% used [0x00000000f1f00000,0x00000000f1f00000,0x00000000f2580000)
 ParOldGen       total 44032K, used 8925K [0x00000000c1600000, 0x00000000c4100000, 0x00000000eb200000)
  object space 44032K, 20% used [0x00000000c1600000,0x00000000c1eb7778,0x00000000c4100000)
 Metaspace       used 18160K, capacity 18408K, committed 18816K, reserved 1067008K
  class space    used 1936K, capacity 2054K, committed 2176K, reserved 1048576K
GC Heap History (10 events):
Event: 3.568 GC heap before
{Heap before GC invocations=5 (full 0):
 PSYoungGen      total 18944K, used 18944K [0x00000000eb200000, 0x00000000ed700000, 0x0000000100000000)
  eden space 16384K, 100% used [0x00000000eb200000,0x00000000ec200000,0x00000000ec200000)
  from space 2560K, 100% used [0x00000000ec480000,0x00000000ec700000,0x00000000ec700000)
  to   space 2560K, 0% used [0x00000000ec200000,0x00000000ec200000,0x00000000ec480000)
 ParOldGen       total 44032K, used 2700K [0x00000000c1600000, 0x00000000c4100000, 0x00000000eb200000)
  object space 44032K, 6% used [0x00000000c1600000,0x00000000c18a33e0,0x00000000c4100000)
 Metaspace       used 10605K, capacity 10776K, committed 11008K, reserved 1058816K
  class space    used 1157K, capacity 1260K, committed 1280K, reserved 1048576K
Event: 3.577 GC heap after
Heap after GC invocations=5 (full 0):
 PSYoungGen      total 18944K, used 2541K [0x00000000eb200000, 0x00000000edc00000, 0x0000000100000000)
  eden space 16384K, 0% used [0x00000000eb200000,0x00000000eb200000,0x00000000ec200000)
  from space 2560K, 99% used [0x00000000ec200000,0x00000000ec47b738,0x00000000ec480000)
  to   space 5120K, 0% used [0x00000000ed700000,0x00000000ed700000,0x00000000edc00000)
 ParOldGen       total 44032K, used 4203K [0x00000000c1600000, 0x00000000c4100000, 0x00000000eb200000)
  object space 44032K, 9% used [0x00000000c1600000,0x00000000c1a1ad20,0x00000000c4100000)
 Metaspace       used 10605K, capacity 10776K, committed 11008K, reserved 1058816K
  class space    used 1157K, capacity 1260K, committed 1280K, reserved 1048576K
}
Event: 3.890 GC heap before
{Heap before GC invocations=6 (full 0):
 PSYoungGen      total 18944K, used 18925K [0x00000000eb200000, 0x00000000edc00000, 0x0000000100000000)
  eden space 16384K, 100% used [0x00000000eb200000,0x00000000ec200000,0x00000000ec200000)
  from space 2560K, 99% used [0x00000000ec200000,0x00000000ec47b738,0x00000000ec480000)
  to   space 5120K, 0% used [0x00000000ed700000,0x00000000ed700000,0x00000000edc00000)
 ParOldGen       total 44032K, used 4203K [0x00000000c1600000, 0x00000000c4100000, 0x00000000eb200000)
  object space 44032K, 9% used [0x00000000c1600000,0x00000000c1a1ad20,0x00000000c4100000)
 Metaspace       used 11959K, capacity 12194K, committed 12544K, reserved 1060864K
  class space    used 1320K, capacity 1437K, committed 1536K, reserved 1048576K
Event: 3.899 GC heap after
Heap after GC invocations=6 (full 0):
 PSYoungGen      total 36864K, used 3639K [0x00000000eb200000, 0x00000000edb00000, 0x0000000100000000)
  eden space 32768K, 0% used [0x00000000eb200000,0x00000000eb200000,0x00000000ed200000)
  from space 4096K, 88% used [0x00000000ed700000,0x00000000eda8df80,0x00000000edb00000)
  to   space 4608K, 0% used [0x00000000ed200000,0x00000000ed200000,0x00000000ed680000)
 ParOldGen       total 44032K, used 4211K [0x00000000c1600000, 0x00000000c4100000, 0x00000000eb200000)
  object space 44032K, 9% used [0x00000000c1600000,0x00000000c1a1cd20,0x00000000c4100000)
 Metaspace       used 11959K, capacity 12194K, committed 12544K, reserved 1060864K
  class space    used 1320K, capacity 1437K, committed 1536K, reserved 1048576K
}
Event: 4.128 GC heap before
{Heap before GC invocations=7 (full 0):
 PSYoungGen      total 36864K, used 36407K [0x00000000eb200000, 0x00000000edb00000, 0x0000000100000000)
  eden space 32768K, 100% used [0x00000000eb200000,0x00000000ed200000,0x00000000ed200000)
  from space 4096K, 88% used [0x00000000ed700000,0x00000000eda8df80,0x00000000edb00000)
  to   space 4608K, 0% used [0x00000000ed200000,0x00000000ed200000,0x00000000ed680000)
 ParOldGen       total 44032K, used 4211K [0x00000000c1600000, 0x00000000c4100000, 0x00000000eb200000)
  object space 44032K, 9% used [0x00000000c1600000,0x00000000c1a1cd20,0x00000000c4100000)
 Metaspace       used 12449K, capacity 12674K, committed 13056K, reserved 1060864K
  class space    used 1347K, capacity 1469K, committed 1536K, reserved 1048576K
Event: 4.142 GC heap after
Heap after GC invocations=7 (full 0):
 PSYoungGen      total 37376K, used 4586K [0x00000000eb200000, 0x00000000eff00000, 0x0000000100000000)
  eden space 32768K, 0% used [0x00000000eb200000,0x00000000eb200000,0x00000000ed200000)
  from space 4608K, 99% used [0x00000000ed200000,0x00000000ed67ab50,0x00000000ed680000)
  to   space 6656K, 0% used [0x00000000ef880000,0x00000000ef880000,0x00000000eff00000)
 ParOldGen       total 44032K, used 6891K [0x00000000c1600000, 0x00000000c4100000, 0x00000000eb200000)
  object space 44032K, 15% used [0x00000000c1600000,0x00000000c1cbae10,0x00000000c4100000)
 Metaspace       used 12449K, capacity 12674K, committed 13056K, reserved 1060864K
  class space    used 1347K, capacity 1469K, committed 1536K, reserved 1048576K
}
Event: 4.466 GC heap before
{Heap before GC invocations=8 (full 0):
 PSYoungGen      total 37376K, used 37354K [0x00000000eb200000, 0x00000000eff00000, 0x0000000100000000)
  eden space 32768K, 100% used [0x00000000eb200000,0x00000000ed200000,0x00000000ed200000)
  from space 4608K, 99% used [0x00000000ed200000,0x00000000ed67ab50,0x00000000ed680000)
  to   space 6656K, 0% used [0x00000000ef880000,0x00000000ef880000,0x00000000eff00000)
 ParOldGen       total 44032K, used 6891K [0x00000000c1600000, 0x00000000c4100000, 0x00000000eb200000)
  object space 44032K, 15% used [0x00000000c1600000,0x00000000c1cbae10,0x00000000c4100000)
 Metaspace       used 14272K, capacity 14508K, committed 14720K, reserved 1062912K
  class space    used 1455K, capacity 1568K, committed 1664K, reserved 1048576K
Event: 4.478 GC heap after
Heap after GC invocations=8 (full 0):
 PSYoungGen      total 72192K, used 4372K [0x00000000eb200000, 0x00000000eff00000, 0x0000000100000000)
  eden space 65536K, 0% used [0x00000000eb200000,0x00000000eb200000,0x00000000ef200000)
  from space 6656K, 65% used [0x00000000ef880000,0x00000000efcc5230,0x00000000eff00000)
  to   space 6656K, 0% used [0x00000000ef200000,0x00000000ef200000,0x00000000ef880000)
 ParOldGen       total 44032K, used 7891K [0x00000000c1600000, 0x00000000c4100000, 0x00000000eb200000)
  object space 44032K, 17% used [0x00000000c1600000,0x00000000c1db4e10,0x00000000c4100000)
 Metaspace       used 14272K, capacity 14508K, committed 14720K, reserved 1062912K
  class space    used 1455K, capacity 1568K, committed 1664K, reserved 1048576K
}
Event: 5.149 GC heap before
{Heap before GC invocations=9 (full 0):
 PSYoungGen      total 72192K, used 69908K [0x00000000eb200000, 0x00000000eff00000, 0x0000000100000000)
  eden space 65536K, 100% used [0x00000000eb200000,0x00000000ef200000,0x00000000ef200000)
  from space 6656K, 65% used [0x00000000ef880000,0x00000000efcc5230,0x00000000eff00000)
  to   space 6656K, 0% used [0x00000000ef200000,0x00000000ef200000,0x00000000ef880000)
 ParOldGen       total 44032K, used 7891K [0x00000000c1600000, 0x00000000c4100000, 0x00000000eb200000)
  object space 44032K, 17% used [0x00000000c1600000,0x00000000c1db4e10,0x00000000c4100000)
 Metaspace       used 17989K, capacity 18246K, committed 18432K, reserved 1064960K
  class space    used 1906K, capacity 2021K, committed 2048K, reserved 1048576K
Event: 5.162 GC heap after
Heap after GC invocations=9 (full 0):
 PSYoungGen      total 72192K, used 5523K [0x00000000eb200000, 0x00000000f2580000, 0x0000000100000000)
  eden space 65536K, 0% used [0x00000000eb200000,0x00000000eb200000,0x00000000ef200000)
  from space 6656K, 82% used [0x00000000ef200000,0x00000000ef764f60,0x00000000ef880000)
  to   space 6656K, 0% used [0x00000000f1f00000,0x00000000f1f00000,0x00000000f2580000)
 ParOldGen       total 44032K, used 8925K [0x00000000c1600000, 0x00000000c4100000, 0x00000000eb200000)
  object space 44032K, 20% used [0x00000000c1600000,0x00000000c1eb7778,0x00000000c4100000)
 Metaspace       used 17989K, capacity 18246K, committed 18432K, reserved 1064960K
  class space    used 1906K, capacity 2021K, committed 2048K, reserved 1048576K
}

