# JRE version: Java(TM) SE Runtime Environment (8.0_271-b09) (build 1.8.0_271-b09)
# Java VM: Java HotSpot(TM) 64-Bit Server VM (25.271-b09 mixed mode windows-amd64 compressed oops)
Heap:
 PSYoungGen      total 112128K, used 100943K [0x00000000eb200000, 0x00000000f2680000, 0x0000000100000000)
  eden space 104960K, 96% used [0x00000000eb200000,0x00000000f1493f68,0x00000000f1880000)
  from space 7168K, 0% used [0x00000000f1f80000,0x00000000f1f80000,0x00000000f2680000)
  to   space 7168K, 0% used [0x00000000f1880000,0x00000000f1880000,0x00000000f1f80000)
 ParOldGen       total 34304K, used 9058K [0x00000000c1600000, 0x00000000c3780000, 0x00000000eb200000)
  object space 34304K, 26% used [0x00000000c1600000,0x00000000c1ed8b20,0x00000000c3780000)
 Metaspace       used 24557K, capacity 25410K, committed 25600K, reserved 1071104K
  class space    used 2821K, capacity 3065K, committed 3072K, reserved 1048576K
GC Heap History (10 events):
Event: 3.899 GC heap before
{Heap before GC invocations=7 (full 0):
 PSYoungGen      total 37888K, used 36503K [0x00000000eb200000, 0x00000000edc00000, 0x0000000100000000)
  eden space 32768K, 100% used [0x00000000eb200000,0x00000000ed200000,0x00000000ed200000)
  from space 5120K, 72% used [0x00000000ed700000,0x00000000edaa5f80,0x00000000edc00000)
  to   space 5120K, 0% used [0x00000000ed200000,0x00000000ed200000,0x00000000ed700000)
 ParOldGen       total 44032K, used 4211K [0x00000000c1600000, 0x00000000c4100000, 0x00000000eb200000)
  object space 44032K, 9% used [0x00000000c1600000,0x00000000c1a1cc48,0x00000000c4100000)
 Metaspace       used 12457K, capacity 12738K, committed 13056K, reserved 1060864K
  class space    used 1347K, capacity 1469K, committed 1536K, reserved 1048576K
Event: 3.919 GC heap after
Heap after GC invocations=7 (full 0):
 PSYoungGen      total 37888K, used 5098K [0x00000000eb200000, 0x00000000eff00000, 0x0000000100000000)
  eden space 32768K, 0% used [0x00000000eb200000,0x00000000eb200000,0x00000000ed200000)
  from space 5120K, 99% used [0x00000000ed200000,0x00000000ed6fab50,0x00000000ed700000)
  to   space 6656K, 0% used [0x00000000ef880000,0x00000000ef880000,0x00000000eff00000)
 ParOldGen       total 44032K, used 6327K [0x00000000c1600000, 0x00000000c4100000, 0x00000000eb200000)
  object space 44032K, 14% used [0x00000000c1600000,0x00000000c1c2dcd8,0x00000000c4100000)
 Metaspace       used 12457K, capacity 12738K, committed 13056K, reserved 1060864K
  class space    used 1347K, capacity 1469K, committed 1536K, reserved 1048576K
}
Event: 4.320 GC heap before
{Heap before GC invocations=8 (full 0):
 PSYoungGen      total 37888K, used 37866K [0x00000000eb200000, 0x00000000eff00000, 0x0000000100000000)
  eden space 32768K, 100% used [0x00000000eb200000,0x00000000ed200000,0x00000000ed200000)
  from space 5120K, 99% used [0x00000000ed200000,0x00000000ed6fab50,0x00000000ed700000)
  to   space 6656K, 0% used [0x00000000ef880000,0x00000000ef880000,0x00000000eff00000)
 ParOldGen       total 44032K, used 6327K [0x00000000c1600000, 0x00000000c4100000, 0x00000000eb200000)
  object space 44032K, 14% used [0x00000000c1600000,0x00000000c1c2dcd8,0x00000000c4100000)
 Metaspace       used 14283K, capacity 14508K, committed 14720K, reserved 1062912K
  class space    used 1455K, capacity 1568K, committed 1664K, reserved 1048576K
Event: 4.330 GC heap after
Heap after GC invocations=8 (full 0):
 PSYoungGen      total 72192K, used 4710K [0x00000000eb200000, 0x00000000eff00000, 0x0000000100000000)
  eden space 65536K, 0% used [0x00000000eb200000,0x00000000eb200000,0x00000000ef200000)
  from space 6656K, 70% used [0x00000000ef880000,0x00000000efd19948,0x00000000eff00000)
  to   space 6656K, 0% used [0x00000000ef200000,0x00000000ef200000,0x00000000ef880000)
 ParOldGen       total 44032K, used 7567K [0x00000000c1600000, 0x00000000c4100000, 0x00000000eb200000)
  object space 44032K, 17% used [0x00000000c1600000,0x00000000c1d63cd8,0x00000000c4100000)
 Metaspace       used 14283K, capacity 14508K, committed 14720K, reserved 1062912K
  class space    used 1455K, capacity 1568K, committed 1664K, reserved 1048576K
}
Event: 5.147 GC heap before
{Heap before GC invocations=9 (full 0):
 PSYoungGen      total 72192K, used 70246K [0x00000000eb200000, 0x00000000eff00000, 0x0000000100000000)
  eden space 65536K, 100% used [0x00000000eb200000,0x00000000ef200000,0x00000000ef200000)
  from space 6656K, 70% used [0x00000000ef880000,0x00000000efd19948,0x00000000eff00000)
  to   space 6656K, 0% used [0x00000000ef200000,0x00000000ef200000,0x00000000ef880000)
 ParOldGen       total 44032K, used 7567K [0x00000000c1600000, 0x00000000c4100000, 0x00000000eb200000)
  object space 44032K, 17% used [0x00000000c1600000,0x00000000c1d63cd8,0x00000000c4100000)
 Metaspace       used 17999K, capacity 18246K, committed 18432K, reserved 1064960K
  class space    used 1906K, capacity 2021K, committed 2048K, reserved 1048576K
Event: 5.162 GC heap after
Heap after GC invocations=9 (full 0):
 PSYoungGen      total 72192K, used 5543K [0x00000000eb200000, 0x00000000f2680000, 0x0000000100000000)
  eden space 65536K, 0% used [0x00000000eb200000,0x00000000eb200000,0x00000000ef200000)
  from space 6656K, 83% used [0x00000000ef200000,0x00000000ef769d90,0x00000000ef880000)
  to   space 7168K, 0% used [0x00000000f1f80000,0x00000000f1f80000,0x00000000f2680000)
 ParOldGen       total 44032K, used 8840K [0x00000000c1600000, 0x00000000c4100000, 0x00000000eb200000)
  object space 44032K, 20% used [0x00000000c1600000,0x00000000c1ea22e8,0x00000000c4100000)
 Metaspace       used 17999K, capacity 18246K, committed 18432K, reserved 1064960K
  class space    used 1906K, capacity 2021K, committed 2048K, reserved 1048576K
}
Event: 6.254 GC heap before
{Heap before GC invocations=10 (full 0):
 PSYoungGen      total 72192K, used 42271K [0x00000000eb200000, 0x00000000f2680000, 0x0000000100000000)
  eden space 65536K, 56% used [0x00000000eb200000,0x00000000ed5de140,0x00000000ef200000)
  from space 6656K, 83% used [0x00000000ef200000,0x00000000ef769d90,0x00000000ef880000)
  to   space 7168K, 0% used [0x00000000f1f80000,0x00000000f1f80000,0x00000000f2680000)
 ParOldGen       total 44032K, used 8840K [0x00000000c1600000, 0x00000000c4100000, 0x00000000eb200000)
  object space 44032K, 20% used [0x00000000c1600000,0x00000000c1ea22e8,0x00000000c4100000)
 Metaspace       used 20531K, capacity 21200K, committed 21296K, reserved 1069056K
  class space    used 2301K, capacity 2492K, committed 2560K, reserved 1048576K
Event: 6.265 GC heap after
Heap after GC invocations=10 (full 0):
 PSYoungGen      total 112128K, used 2678K [0x00000000eb200000, 0x00000000f2680000, 0x0000000100000000)
  eden space 104960K, 0% used [0x00000000eb200000,0x00000000eb200000,0x00000000f1880000)
  from space 7168K, 37% used [0x00000000f1f80000,0x00000000f221da18,0x00000000f2680000)
  to   space 7168K, 0% used [0x00000000f1880000,0x00000000f1880000,0x00000000f1f80000)
 ParOldGen       total 44032K, used 11205K [0x00000000c1600000, 0x00000000c4100000, 0x00000000eb200000)
  object space 44032K, 25% used [0x00000000c1600000,0x00000000c20f1448,0x00000000c4100000)
 Metaspace       used 20531K, capacity 21200K, committed 21296K, reserved 1069056K
  class space    used 2301K, capacity 2492K, committed 2560K, reserved 1048576K
}
Event: 6.265 GC heap before
{Heap before GC invocations=11 (full 1):
 PSYoungGen      total 112128K, used 2678K [0x00000000eb200000, 0x00000000f2680000, 0x0000000100000000)
  eden space 104960K, 0% used [0x00000000eb200000,0x00000000eb200000,0x00000000f1880000)
  from space 7168K, 37% used [0x00000000f1f80000,0x00000000f221da18,0x00000000f2680000)
  to   space 7168K, 0% used [0x00000000f1880000,0x00000000f1880000,0x00000000f1f80000)
 ParOldGen       total 44032K, used 11205K [0x00000000c1600000, 0x00000000c4100000, 0x00000000eb200000)
  object space 44032K, 25% used [0x00000000c1600000,0x00000000c20f1448,0x00000000c4100000)
 Metaspace       used 20531K, capacity 21200K, committed 21296K, reserved 1069056K
  class space    used 2301K, capacity 2492K, committed 2560K, reserved 1048576K
Event: 6.333 GC heap after
Heap after GC invocations=11 (full 1):
 PSYoungGen      total 112128K, used 0K [0x00000000eb200000, 0x00000000f2680000, 0x0000000100000000)
  eden space 104960K, 0% used [0x00000000eb200000,0x00000000eb200000,0x00000000f1880000)
  from space 7168K, 0% used [0x00000000f1f80000,0x00000000f1f80000,0x00000000f2680000)
  to   space 7168K, 0% used [0x00000000f1880000,0x00000000f1880000,0x00000000f1f80000)
 ParOldGen       total 34304K, used 9058K [0x00000000c1600000, 0x00000000c3780000, 0x00000000eb200000)
  object space 34304K, 26% used [0x00000000c1600000,0x00000000c1ed8b20,0x00000000c3780000)
 Metaspace       used 20531K, capacity 21200K, committed 21296K, reserved 1069056K
  class space    used 2301K, capacity 2492K, committed 2560K, reserved 1048576K
}

