<?xml version="1.0" encoding="UTF-8"?>
<!-- Generated by org.testng.reporters.JUnitXMLReporter -->
<testsuite hostname="DESKTOP-RTSIONR" ignored="0" name="Default test" tests="3" failures="0" timestamp="03 Apr 2021 13:18:21 GMT" time="50.749" errors="0">
  <testcase name="createLeaf" time="6.115" classname="com.leafBot.testcases.TC001_LoginLogOut"/>
  <testcase name="createLeaf" time="3.203" classname="com.leafBot.testcases.TC001_LoginLogOut"/>
  <testcase name="createLeaf" time="4.742" classname="com.leafBot.testcases.TC001_LoginLogOut"/>
</testsuite> <!-- Default test -->
