<?xml version="1.0" encoding="UTF-8"?>
<testng-results skipped="0" failed="0" ignored="0" total="1" passed="1">
  <reporter-output>
  </reporter-output>
  <suite name="Default suite" duration-ms="37664" started-at="2021-03-27T16:52:03 IST" finished-at="2021-03-27T16:52:40 IST">
    <groups>
    </groups>
    <test name="Default test" duration-ms="37664" started-at="2021-03-27T16:52:03 IST" finished-at="2021-03-27T16:52:40 IST">
      <class name="testcases.CreateLeadTestCase">
        <test-method status="PASS" signature="StartApp()[pri:0, instance:testcases.CreateLeadTestCase@4c762604]" name="StartApp" is-config="true" duration-ms="26714" started-at="2021-03-27T16:52:03 IST" finished-at="2021-03-27T16:52:30 IST">
          <reporter-output>
          </reporter-output>
        </test-method> <!-- StartApp -->
        <test-method status="PASS" signature="runTestCases()[pri:0, instance:testcases.CreateLeadTestCase@4c762604]" name="runTestCases" duration-ms="10044" started-at="2021-03-27T16:52:30 IST" finished-at="2021-03-27T16:52:40 IST">
          <reporter-output>
          </reporter-output>
        </test-method> <!-- runTestCases -->
        <test-method status="PASS" signature="postCondition()[pri:0, instance:testcases.CreateLeadTestCase@4c762604]" name="postCondition" is-config="true" duration-ms="810" started-at="2021-03-27T16:52:40 IST" finished-at="2021-03-27T16:52:40 IST">
          <reporter-output>
          </reporter-output>
        </test-method> <!-- postCondition -->
      </class> <!-- testcases.CreateLeadTestCase -->
    </test> <!-- Default test -->
  </suite> <!-- Default suite -->
</testng-results>
